生成启动时间为 2018/6/21 20:10:39。
     1>项目“G:\Company\project\code\client\branches\cocoJapanbackup_YouGu_1.0\Code_Core\protobuf-2.5.0rc1\vsprojects\libprotobuf-lite.vcxproj”在节点 2 上(build 个目标)。
     1>InitializeBuildStatus:
         正在创建“Debug\libprotobuf-lite.unsuccessfulbuild”，因为已指定“AlwaysCreate”。
       ClCompile:
         所有输出均为最新。
         C:\Program Files (x86)\Microsoft Visual Studio 10.0\VC\bin\CL.exe /c /I../src /I. /ZI /nologo /W3 /WX- /Od /Oy- /D WIN32 /D _DEBUG /D _WINDOWS /D _USRDLL /D LIBPROTOBUF_EXPORTS /Gm /EHsc /RTC1 /MDd /GS /fp:precise /Zc:wchar_t /Zc:forScope /Fo"Debug\\" /Fd"Debug\vc100.pdb" /Gd /TP /analyze- /errorReport:prompt ..\src\google\protobuf\io\coded_stream.cc ..\src\google\protobuf\stubs\common.cc ..\src\google\protobuf\extension_set.cc ..\src\google\protobuf\generated_message_util.cc ..\src\google\protobuf\message_lite.cc ..\src\google\protobuf\stubs\once.cc ..\src\google\protobuf\stubs\atomicops_internals_x86_msvc.cc ..\src\google\protobuf\repeated_field.cc ..\src\google\protobuf\wire_format_lite.cc ..\src\google\protobuf\io\zero_copy_stream.cc ..\src\google\protobuf\io\zero_copy_stream_impl_lite.cc ..\src\google\protobuf\stubs\stringprintf.cc /wd4244 /wd4267 /wd4018 /wd4355 /wd4800 /wd4251 /wd4996 /wd4146 /wd4305 
         stringprintf.cc
         zero_copy_stream_impl_lite.cc
         zero_copy_stream.cc
         wire_format_lite.cc
         repeated_field.cc
         atomicops_internals_x86_msvc.cc
         once.cc
         message_lite.cc
         generated_message_util.cc
         extension_set.cc
         common.cc
         coded_stream.cc
         正在生成代码...
       Lib:
         C:\Program Files (x86)\Microsoft Visual Studio 10.0\VC\bin\Lib.exe /OUT:"Debug\libprotobuf-lite.lib" /NOLOGO Debug\coded_stream.obj
         Debug\common.obj
         Debug\extension_set.obj
         Debug\generated_message_util.obj
         Debug\message_lite.obj
         Debug\once.obj
         Debug\atomicops_internals_x86_msvc.obj
         Debug\repeated_field.obj
         Debug\wire_format_lite.obj
         Debug\zero_copy_stream.obj
         Debug\zero_copy_stream_impl_lite.obj
         Debug\stringprintf.obj
         libprotobuf-lite.vcxproj -> G:\Company\project\code\client\branches\cocoJapanbackup_YouGu_1.0\Code_Core\protobuf-2.5.0rc1\vsprojects\Debug\libprotobuf-lite.lib
       FinalizeBuildStatus:
         正在删除文件“Debug\libprotobuf-lite.unsuccessfulbuild”。
         正在对“Debug\libprotobuf-lite.lastbuildstate”执行 Touch 任务。
     1>已完成生成项目“G:\Company\project\code\client\branches\cocoJapanbackup_YouGu_1.0\Code_Core\protobuf-2.5.0rc1\vsprojects\libprotobuf-lite.vcxproj”(build 个目标)的操作。

生成成功。

已用时间 00:00:05.29
