Build started 2022/2/21 上午 11:28:26.
     1>Project "C:\source\BC_Game\client02_new\Code_Core\protobuf-2.5.0rc1\vsprojects\libprotobuf.vcxproj" on node 5 (Rebuild target(s)).
     1>ClCompile:
         C:\Program Files (x86)\Microsoft Visual Studio 12.0\VC\bin\CL.exe /c /I../src /I. /ZI /nologo /W3 /WX- /Od /Oy- /D WIN32 /D _DEBUG /D _WINDOWS /D _USRDLL /D LIBPROTOBUF_EXPORTS /D _UNICODE /D UNICODE /Gm /EHsc /RTC1 /MDd /GS /fp:precise /Zc:wchar_t /Zc:forScope /Fo"Debug\\" /Fd"Debug\vc120.pdb" /Gd /TP /analyze- /errorReport:prompt /wd4244 /wd4267 /wd4018 /wd4355 /wd4800 /wd4251 /wd4996 /wd4146 /wd4305 ..\src\google\protobuf\io\coded_stream.cc ..\src\google\protobuf\stubs\common.cc ..\src\google\protobuf\descriptor.cc ..\src\google\protobuf\descriptor.pb.cc ..\src\google\protobuf\descriptor_database.cc ..\src\google\protobuf\dynamic_message.cc ..\src\google\protobuf\extension_set.cc ..\src\google\protobuf\extension_set_heavy.cc ..\src\google\protobuf\generated_message_reflection.cc ..\src\google\protobuf\generated_message_util.cc ..\src\google\protobuf\io\gzip_stream.cc ..\src\google\protobuf\compiler\importer.cc ..\src\google\protobuf\message.cc ..\src\google\protobuf\message_lite.cc ..\src\google\protobuf\stubs\once.cc ..\src\google\protobuf\stubs\atomicops_internals_x86_msvc.cc ..\src\google\protobuf\compiler\parser.cc ..\src\google\protobuf\io\printer.cc ..\src\google\protobuf\reflection_ops.cc ..\src\google\protobuf\repeated_field.cc ..\src\google\protobuf\service.cc ..\src\google\protobuf\stubs\structurally_valid.cc ..\src\google\protobuf\stubs\strutil.cc ..\src\google\protobuf\stubs\substitute.cc ..\src\google\protobuf\text_format.cc ..\src\google\protobuf\io\tokenizer.cc ..\src\google\protobuf\unknown_field_set.cc ..\src\google\protobuf\wire_format.cc ..\src\google\protobuf\wire_format_lite.cc ..\src\google\protobuf\io\zero_copy_stream.cc ..\src\google\protobuf\io\zero_copy_stream_impl.cc ..\src\google\protobuf\io\zero_copy_stream_impl_lite.cc ..\src\google\protobuf\stubs\stringprintf.cc
         stringprintf.cc
         zero_copy_stream_impl_lite.cc
         zero_copy_stream_impl.cc
         zero_copy_stream.cc
         wire_format_lite.cc
         wire_format.cc
         unknown_field_set.cc
         tokenizer.cc
         text_format.cc
         substitute.cc
         strutil.cc
         structurally_valid.cc
         service.cc
         repeated_field.cc
         reflection_ops.cc
         printer.cc
         parser.cc
         atomicops_internals_x86_msvc.cc
         once.cc
         message_lite.cc
         Generating Code...
         Compiling...
         message.cc
         importer.cc
         gzip_stream.cc
         generated_message_util.cc
         generated_message_reflection.cc
         extension_set_heavy.cc
         extension_set.cc
         dynamic_message.cc
     1>c:\source\bc_game\client02_new\code_core\protobuf-2.5.0rc1\src\google\protobuf\dynamic_message.cc(429): warning C4291: 'void *operator new(size_t,void *) throw()' : no matching operator delete found; memory will not be freed if initialization throws an exception
                 c:\program files (x86)\microsoft visual studio 12.0\vc\include\new(58) : see declaration of 'operator new'
     1>c:\source\bc_game\client02_new\code_core\protobuf-2.5.0rc1\src\google\protobuf\dynamic_message.cc(556): warning C4291: 'void *operator new(size_t,void *) throw()' : no matching operator delete found; memory will not be freed if initialization throws an exception
                 c:\program files (x86)\microsoft visual studio 12.0\vc\include\new(58) : see declaration of 'operator new'
         descriptor_database.cc
         descriptor.pb.cc
         descriptor.cc
         common.cc
         coded_stream.cc
         Generating Code...
       Lib:
         C:\Program Files (x86)\Microsoft Visual Studio 12.0\VC\bin\Lib.exe /OUT:"Debug\libprotobuf.lib" /NOLOGO Debug\coded_stream.obj
         Debug\common.obj
         Debug\descriptor.obj
         Debug\descriptor.pb.obj
         Debug\descriptor_database.obj
         Debug\dynamic_message.obj
         Debug\extension_set.obj
         Debug\extension_set_heavy.obj
         Debug\generated_message_reflection.obj
         Debug\generated_message_util.obj
         Debug\gzip_stream.obj
         Debug\importer.obj
         Debug\message.obj
         Debug\message_lite.obj
         Debug\once.obj
         Debug\atomicops_internals_x86_msvc.obj
         Debug\parser.obj
         Debug\printer.obj
         Debug\reflection_ops.obj
         Debug\repeated_field.obj
         Debug\service.obj
         Debug\structurally_valid.obj
         Debug\strutil.obj
         Debug\substitute.obj
         Debug\text_format.obj
         Debug\tokenizer.obj
         Debug\unknown_field_set.obj
         Debug\wire_format.obj
         Debug\wire_format_lite.obj
         Debug\zero_copy_stream.obj
         Debug\zero_copy_stream_impl.obj
         Debug\zero_copy_stream_impl_lite.obj
         Debug\stringprintf.obj
         libprotobuf.vcxproj -> C:\source\BC_Game\client02_new\Code_Core\protobuf-2.5.0rc1\vsprojects\Debug\libprotobuf.lib
     1>Done Building Project "C:\source\BC_Game\client02_new\Code_Core\protobuf-2.5.0rc1\vsprojects\libprotobuf.vcxproj" (Rebuild target(s)).

Build succeeded.

Time Elapsed 00:00:18.21
