G:\Company\project\code\client\branches\cocoJapanbackup_YouGu_1.0\Code_Core\protobuf-2.5.0rc1\vsprojects\Debug\cl.command.1.tlog
G:\Company\project\code\client\branches\cocoJapanbackup_YouGu_1.0\Code_Core\protobuf-2.5.0rc1\vsprojects\Debug\CL.read.1.tlog
G:\Company\project\code\client\branches\cocoJapanbackup_YouGu_1.0\Code_Core\protobuf-2.5.0rc1\vsprojects\Debug\CL.write.1.tlog
G:\COMPANY\PROJECT\CODE\CLIENT\BRANCHES\COCOJAPANBACKUP_YOUGU_1.0\CODE_CORE\PROTOBUF-2.5.0RC1\VSPROJECTS\DEBUG\CODE_GENERATOR.OBJ
G:\COMPANY\PROJECT\CODE\CLIENT\BRANCHES\COCOJAPANBACKUP_YOUGU_1.0\CODE_CORE\PROTOBUF-2.5.0RC1\VSPROJECTS\DEBUG\COMMAND_LINE_INTERFACE.OBJ
G:\COMPANY\PROJECT\CODE\CLIENT\BRANCHES\COCOJAPANBACKUP_YOUGU_1.0\CODE_CORE\PROTOBUF-2.5.0RC1\VSPROJECTS\DEBUG\CPP_ENUM.OBJ
G:\COMPANY\PROJECT\CODE\CLIENT\BRANCHES\COCOJAPANBACKUP_YOUGU_1.0\CODE_CORE\PROTOBUF-2.5.0RC1\VSPROJECTS\DEBUG\CPP_ENUM_FIELD.OBJ
G:\COMPANY\PROJECT\CODE\CLIENT\BRANCHES\COCOJAPANBACKUP_YOUGU_1.0\CODE_CORE\PROTOBUF-2.5.0RC1\VSPROJECTS\DEBUG\CPP_EXTENSION.OBJ
G:\COMPANY\PROJECT\CODE\CLIENT\BRANCHES\COCOJAPANBACKUP_YOUGU_1.0\CODE_CORE\PROTOBUF-2.5.0RC1\VSPROJECTS\DEBUG\CPP_FIELD.OBJ
G:\COMPANY\PROJECT\CODE\CLIENT\BRANCHES\COCOJAPANBACKUP_YOUGU_1.0\CODE_CORE\PROTOBUF-2.5.0RC1\VSPROJECTS\DEBUG\CPP_FILE.OBJ
G:\COMPANY\PROJECT\CODE\CLIENT\BRANCHES\COCOJAPANBACKUP_YOUGU_1.0\CODE_CORE\PROTOBUF-2.5.0RC1\VSPROJECTS\DEBUG\CPP_GENERATOR.OBJ
G:\COMPANY\PROJECT\CODE\CLIENT\BRANCHES\COCOJAPANBACKUP_YOUGU_1.0\CODE_CORE\PROTOBUF-2.5.0RC1\VSPROJECTS\DEBUG\CPP_HELPERS.OBJ
G:\COMPANY\PROJECT\CODE\CLIENT\BRANCHES\COCOJAPANBACKUP_YOUGU_1.0\CODE_CORE\PROTOBUF-2.5.0RC1\VSPROJECTS\DEBUG\CPP_MESSAGE.OBJ
G:\COMPANY\PROJECT\CODE\CLIENT\BRANCHES\COCOJAPANBACKUP_YOUGU_1.0\CODE_CORE\PROTOBUF-2.5.0RC1\VSPROJECTS\DEBUG\CPP_MESSAGE_FIELD.OBJ
G:\COMPANY\PROJECT\CODE\CLIENT\BRANCHES\COCOJAPANBACKUP_YOUGU_1.0\CODE_CORE\PROTOBUF-2.5.0RC1\VSPROJECTS\DEBUG\CPP_PRIMITIVE_FIELD.OBJ
G:\COMPANY\PROJECT\CODE\CLIENT\BRANCHES\COCOJAPANBACKUP_YOUGU_1.0\CODE_CORE\PROTOBUF-2.5.0RC1\VSPROJECTS\DEBUG\CPP_SERVICE.OBJ
G:\COMPANY\PROJECT\CODE\CLIENT\BRANCHES\COCOJAPANBACKUP_YOUGU_1.0\CODE_CORE\PROTOBUF-2.5.0RC1\VSPROJECTS\DEBUG\CPP_STRING_FIELD.OBJ
G:\COMPANY\PROJECT\CODE\CLIENT\BRANCHES\COCOJAPANBACKUP_YOUGU_1.0\CODE_CORE\PROTOBUF-2.5.0RC1\VSPROJECTS\DEBUG\JAVA_DOC_COMMENT.OBJ
G:\COMPANY\PROJECT\CODE\CLIENT\BRANCHES\COCOJAPANBACKUP_YOUGU_1.0\CODE_CORE\PROTOBUF-2.5.0RC1\VSPROJECTS\DEBUG\JAVA_ENUM.OBJ
G:\COMPANY\PROJECT\CODE\CLIENT\BRANCHES\COCOJAPANBACKUP_YOUGU_1.0\CODE_CORE\PROTOBUF-2.5.0RC1\VSPROJECTS\DEBUG\JAVA_ENUM_FIELD.OBJ
G:\COMPANY\PROJECT\CODE\CLIENT\BRANCHES\COCOJAPANBACKUP_YOUGU_1.0\CODE_CORE\PROTOBUF-2.5.0RC1\VSPROJECTS\DEBUG\JAVA_EXTENSION.OBJ
G:\COMPANY\PROJECT\CODE\CLIENT\BRANCHES\COCOJAPANBACKUP_YOUGU_1.0\CODE_CORE\PROTOBUF-2.5.0RC1\VSPROJECTS\DEBUG\JAVA_FIELD.OBJ
G:\COMPANY\PROJECT\CODE\CLIENT\BRANCHES\COCOJAPANBACKUP_YOUGU_1.0\CODE_CORE\PROTOBUF-2.5.0RC1\VSPROJECTS\DEBUG\JAVA_FILE.OBJ
G:\COMPANY\PROJECT\CODE\CLIENT\BRANCHES\COCOJAPANBACKUP_YOUGU_1.0\CODE_CORE\PROTOBUF-2.5.0RC1\VSPROJECTS\DEBUG\JAVA_GENERATOR.OBJ
G:\COMPANY\PROJECT\CODE\CLIENT\BRANCHES\COCOJAPANBACKUP_YOUGU_1.0\CODE_CORE\PROTOBUF-2.5.0RC1\VSPROJECTS\DEBUG\JAVA_HELPERS.OBJ
G:\COMPANY\PROJECT\CODE\CLIENT\BRANCHES\COCOJAPANBACKUP_YOUGU_1.0\CODE_CORE\PROTOBUF-2.5.0RC1\VSPROJECTS\DEBUG\JAVA_MESSAGE.OBJ
G:\COMPANY\PROJECT\CODE\CLIENT\BRANCHES\COCOJAPANBACKUP_YOUGU_1.0\CODE_CORE\PROTOBUF-2.5.0RC1\VSPROJECTS\DEBUG\JAVA_MESSAGE_FIELD.OBJ
G:\COMPANY\PROJECT\CODE\CLIENT\BRANCHES\COCOJAPANBACKUP_YOUGU_1.0\CODE_CORE\PROTOBUF-2.5.0RC1\VSPROJECTS\DEBUG\JAVA_PRIMITIVE_FIELD.OBJ
G:\COMPANY\PROJECT\CODE\CLIENT\BRANCHES\COCOJAPANBACKUP_YOUGU_1.0\CODE_CORE\PROTOBUF-2.5.0RC1\VSPROJECTS\DEBUG\JAVA_SERVICE.OBJ
G:\COMPANY\PROJECT\CODE\CLIENT\BRANCHES\COCOJAPANBACKUP_YOUGU_1.0\CODE_CORE\PROTOBUF-2.5.0RC1\VSPROJECTS\DEBUG\JAVA_STRING_FIELD.OBJ
G:\Company\project\code\client\branches\cocoJapanbackup_YouGu_1.0\Code_Core\protobuf-2.5.0rc1\vsprojects\Debug\lib.command.1.tlog
G:\Company\project\code\client\branches\cocoJapanbackup_YouGu_1.0\Code_Core\protobuf-2.5.0rc1\vsprojects\Debug\Lib-link.read.1.tlog
G:\Company\project\code\client\branches\cocoJapanbackup_YouGu_1.0\Code_Core\protobuf-2.5.0rc1\vsprojects\Debug\Lib-link.write.1.tlog
G:\COMPANY\PROJECT\CODE\CLIENT\BRANCHES\COCOJAPANBACKUP_YOUGU_1.0\CODE_CORE\PROTOBUF-2.5.0RC1\VSPROJECTS\DEBUG\LIBPROTOC.LIB
G:\Company\project\code\client\branches\cocoJapanbackup_YouGu_1.0\Code_Core\protobuf-2.5.0rc1\vsprojects\Debug\libprotoc.write.1.tlog
G:\COMPANY\PROJECT\CODE\CLIENT\BRANCHES\COCOJAPANBACKUP_YOUGU_1.0\CODE_CORE\PROTOBUF-2.5.0RC1\VSPROJECTS\DEBUG\PLUGIN.OBJ
G:\COMPANY\PROJECT\CODE\CLIENT\BRANCHES\COCOJAPANBACKUP_YOUGU_1.0\CODE_CORE\PROTOBUF-2.5.0RC1\VSPROJECTS\DEBUG\PLUGIN.PB.OBJ
G:\COMPANY\PROJECT\CODE\CLIENT\BRANCHES\COCOJAPANBACKUP_YOUGU_1.0\CODE_CORE\PROTOBUF-2.5.0RC1\VSPROJECTS\DEBUG\PYTHON_GENERATOR.OBJ
G:\COMPANY\PROJECT\CODE\CLIENT\BRANCHES\COCOJAPANBACKUP_YOUGU_1.0\CODE_CORE\PROTOBUF-2.5.0RC1\VSPROJECTS\DEBUG\SUBPROCESS.OBJ
G:\Company\project\code\client\branches\cocoJapanbackup_YouGu_1.0\Code_Core\protobuf-2.5.0rc1\vsprojects\Debug\vc100.idb
G:\COMPANY\PROJECT\CODE\CLIENT\BRANCHES\COCOJAPANBACKUP_YOUGU_1.0\CODE_CORE\PROTOBUF-2.5.0RC1\VSPROJECTS\DEBUG\VC100.PDB
G:\COMPANY\PROJECT\CODE\CLIENT\BRANCHES\COCOJAPANBACKUP_YOUGU_1.0\CODE_CORE\PROTOBUF-2.5.0RC1\VSPROJECTS\DEBUG\ZIP_WRITER.OBJ
