c:\source\bc_game\client02_new\code_core\protobuf-2.5.0rc1\vsprojects\debug\vc120.pdb
c:\source\bc_game\client02_new\code_core\protobuf-2.5.0rc1\vsprojects\debug\vc120.idb
c:\source\bc_game\client02_new\code_core\protobuf-2.5.0rc1\vsprojects\debug\message_lite.obj
c:\source\bc_game\client02_new\code_core\protobuf-2.5.0rc1\vsprojects\debug\once.obj
c:\source\bc_game\client02_new\code_core\protobuf-2.5.0rc1\vsprojects\debug\atomicops_internals_x86_msvc.obj
c:\source\bc_game\client02_new\code_core\protobuf-2.5.0rc1\vsprojects\debug\parser.obj
c:\source\bc_game\client02_new\code_core\protobuf-2.5.0rc1\vsprojects\debug\printer.obj
c:\source\bc_game\client02_new\code_core\protobuf-2.5.0rc1\vsprojects\debug\reflection_ops.obj
c:\source\bc_game\client02_new\code_core\protobuf-2.5.0rc1\vsprojects\debug\repeated_field.obj
c:\source\bc_game\client02_new\code_core\protobuf-2.5.0rc1\vsprojects\debug\service.obj
c:\source\bc_game\client02_new\code_core\protobuf-2.5.0rc1\vsprojects\debug\structurally_valid.obj
c:\source\bc_game\client02_new\code_core\protobuf-2.5.0rc1\vsprojects\debug\strutil.obj
c:\source\bc_game\client02_new\code_core\protobuf-2.5.0rc1\vsprojects\debug\substitute.obj
c:\source\bc_game\client02_new\code_core\protobuf-2.5.0rc1\vsprojects\debug\text_format.obj
c:\source\bc_game\client02_new\code_core\protobuf-2.5.0rc1\vsprojects\debug\tokenizer.obj
c:\source\bc_game\client02_new\code_core\protobuf-2.5.0rc1\vsprojects\debug\unknown_field_set.obj
c:\source\bc_game\client02_new\code_core\protobuf-2.5.0rc1\vsprojects\debug\wire_format.obj
c:\source\bc_game\client02_new\code_core\protobuf-2.5.0rc1\vsprojects\debug\wire_format_lite.obj
c:\source\bc_game\client02_new\code_core\protobuf-2.5.0rc1\vsprojects\debug\zero_copy_stream.obj
c:\source\bc_game\client02_new\code_core\protobuf-2.5.0rc1\vsprojects\debug\zero_copy_stream_impl.obj
c:\source\bc_game\client02_new\code_core\protobuf-2.5.0rc1\vsprojects\debug\zero_copy_stream_impl_lite.obj
c:\source\bc_game\client02_new\code_core\protobuf-2.5.0rc1\vsprojects\debug\stringprintf.obj
c:\source\bc_game\client02_new\code_core\protobuf-2.5.0rc1\vsprojects\debug\coded_stream.obj
c:\source\bc_game\client02_new\code_core\protobuf-2.5.0rc1\vsprojects\debug\common.obj
c:\source\bc_game\client02_new\code_core\protobuf-2.5.0rc1\vsprojects\debug\descriptor.obj
c:\source\bc_game\client02_new\code_core\protobuf-2.5.0rc1\vsprojects\debug\descriptor.pb.obj
c:\source\bc_game\client02_new\code_core\protobuf-2.5.0rc1\vsprojects\debug\descriptor_database.obj
c:\source\bc_game\client02_new\code_core\protobuf-2.5.0rc1\vsprojects\debug\dynamic_message.obj
c:\source\bc_game\client02_new\code_core\protobuf-2.5.0rc1\vsprojects\debug\extension_set.obj
c:\source\bc_game\client02_new\code_core\protobuf-2.5.0rc1\vsprojects\debug\extension_set_heavy.obj
c:\source\bc_game\client02_new\code_core\protobuf-2.5.0rc1\vsprojects\debug\generated_message_reflection.obj
c:\source\bc_game\client02_new\code_core\protobuf-2.5.0rc1\vsprojects\debug\generated_message_util.obj
c:\source\bc_game\client02_new\code_core\protobuf-2.5.0rc1\vsprojects\debug\gzip_stream.obj
c:\source\bc_game\client02_new\code_core\protobuf-2.5.0rc1\vsprojects\debug\importer.obj
c:\source\bc_game\client02_new\code_core\protobuf-2.5.0rc1\vsprojects\debug\message.obj
c:\source\bc_game\client02_new\code_core\protobuf-2.5.0rc1\vsprojects\debug\libprotobuf.lib
c:\source\bc_game\client02_new\code_core\protobuf-2.5.0rc1\vsprojects\debug\libprotobuf.tlog\cl.command.1.tlog
c:\source\bc_game\client02_new\code_core\protobuf-2.5.0rc1\vsprojects\debug\libprotobuf.tlog\cl.read.1.tlog
c:\source\bc_game\client02_new\code_core\protobuf-2.5.0rc1\vsprojects\debug\libprotobuf.tlog\cl.write.1.tlog
c:\source\bc_game\client02_new\code_core\protobuf-2.5.0rc1\vsprojects\debug\libprotobuf.tlog\lib-link.read.1.tlog
c:\source\bc_game\client02_new\code_core\protobuf-2.5.0rc1\vsprojects\debug\libprotobuf.tlog\lib-link.write.1.tlog
c:\source\bc_game\client02_new\code_core\protobuf-2.5.0rc1\vsprojects\debug\libprotobuf.tlog\lib.command.1.tlog
