G:\COMPANY\PROJECT\CODE\CLIENT\BRANCHES\COCOJAPANBACKUP_YOUGU_1.0\CODE_CORE\PROTOBUF-2.5.0RC1\VSPROJECTS\DEBUG\ATOMICOPS_INTERNALS_X86_MSVC.OBJ
G:\Company\project\code\client\branches\cocoJapanbackup_YouGu_1.0\Code_Core\protobuf-2.5.0rc1\vsprojects\Debug\cl.command.1.tlog
G:\Company\project\code\client\branches\cocoJapanbackup_YouGu_1.0\Code_Core\protobuf-2.5.0rc1\vsprojects\Debug\CL.read.1.tlog
G:\Company\project\code\client\branches\cocoJapanbackup_YouGu_1.0\Code_Core\protobuf-2.5.0rc1\vsprojects\Debug\CL.write.1.tlog
G:\COMPANY\PROJECT\CODE\CLIENT\BRANCHES\COCOJAPANBACKUP_YOUGU_1.0\CODE_CORE\PROTOBUF-2.5.0RC1\VSPROJECTS\DEBUG\CODED_STREAM.OBJ
G:\COMPANY\PROJECT\CODE\CLIENT\BRANCHES\COCOJAPANBACKUP_YOUGU_1.0\CODE_CORE\PROTOBUF-2.5.0RC1\VSPROJECTS\DEBUG\COMMON.OBJ
G:\COMPANY\PROJECT\CODE\CLIENT\BRANCHES\COCOJAPANBACKUP_YOUGU_1.0\CODE_CORE\PROTOBUF-2.5.0RC1\VSPROJECTS\DEBUG\DESCRIPTOR.OBJ
G:\COMPANY\PROJECT\CODE\CLIENT\BRANCHES\COCOJAPANBACKUP_YOUGU_1.0\CODE_CORE\PROTOBUF-2.5.0RC1\VSPROJECTS\DEBUG\DESCRIPTOR.PB.OBJ
G:\COMPANY\PROJECT\CODE\CLIENT\BRANCHES\COCOJAPANBACKUP_YOUGU_1.0\CODE_CORE\PROTOBUF-2.5.0RC1\VSPROJECTS\DEBUG\DESCRIPTOR_DATABASE.OBJ
G:\COMPANY\PROJECT\CODE\CLIENT\BRANCHES\COCOJAPANBACKUP_YOUGU_1.0\CODE_CORE\PROTOBUF-2.5.0RC1\VSPROJECTS\DEBUG\DYNAMIC_MESSAGE.OBJ
G:\COMPANY\PROJECT\CODE\CLIENT\BRANCHES\COCOJAPANBACKUP_YOUGU_1.0\CODE_CORE\PROTOBUF-2.5.0RC1\VSPROJECTS\DEBUG\EXTENSION_SET.OBJ
G:\COMPANY\PROJECT\CODE\CLIENT\BRANCHES\COCOJAPANBACKUP_YOUGU_1.0\CODE_CORE\PROTOBUF-2.5.0RC1\VSPROJECTS\DEBUG\EXTENSION_SET_HEAVY.OBJ
G:\COMPANY\PROJECT\CODE\CLIENT\BRANCHES\COCOJAPANBACKUP_YOUGU_1.0\CODE_CORE\PROTOBUF-2.5.0RC1\VSPROJECTS\DEBUG\GENERATED_MESSAGE_REFLECTION.OBJ
G:\COMPANY\PROJECT\CODE\CLIENT\BRANCHES\COCOJAPANBACKUP_YOUGU_1.0\CODE_CORE\PROTOBUF-2.5.0RC1\VSPROJECTS\DEBUG\GENERATED_MESSAGE_UTIL.OBJ
G:\COMPANY\PROJECT\CODE\CLIENT\BRANCHES\COCOJAPANBACKUP_YOUGU_1.0\CODE_CORE\PROTOBUF-2.5.0RC1\VSPROJECTS\DEBUG\GZIP_STREAM.OBJ
G:\COMPANY\PROJECT\CODE\CLIENT\BRANCHES\COCOJAPANBACKUP_YOUGU_1.0\CODE_CORE\PROTOBUF-2.5.0RC1\VSPROJECTS\DEBUG\IMPORTER.OBJ
G:\Company\project\code\client\branches\cocoJapanbackup_YouGu_1.0\Code_Core\protobuf-2.5.0rc1\vsprojects\Debug\lib.command.1.tlog
G:\Company\project\code\client\branches\cocoJapanbackup_YouGu_1.0\Code_Core\protobuf-2.5.0rc1\vsprojects\Debug\Lib-link.read.1.tlog
G:\Company\project\code\client\branches\cocoJapanbackup_YouGu_1.0\Code_Core\protobuf-2.5.0rc1\vsprojects\Debug\Lib-link.write.1.tlog
G:\COMPANY\PROJECT\CODE\CLIENT\BRANCHES\COCOJAPANBACKUP_YOUGU_1.0\CODE_CORE\PROTOBUF-2.5.0RC1\VSPROJECTS\DEBUG\LIBPROTOBUF.LIB
G:\Company\project\code\client\branches\cocoJapanbackup_YouGu_1.0\Code_Core\protobuf-2.5.0rc1\vsprojects\Debug\libprotobuf.write.1.tlog
G:\COMPANY\PROJECT\CODE\CLIENT\BRANCHES\COCOJAPANBACKUP_YOUGU_1.0\CODE_CORE\PROTOBUF-2.5.0RC1\VSPROJECTS\DEBUG\MESSAGE.OBJ
G:\COMPANY\PROJECT\CODE\CLIENT\BRANCHES\COCOJAPANBACKUP_YOUGU_1.0\CODE_CORE\PROTOBUF-2.5.0RC1\VSPROJECTS\DEBUG\MESSAGE_LITE.OBJ
G:\COMPANY\PROJECT\CODE\CLIENT\BRANCHES\COCOJAPANBACKUP_YOUGU_1.0\CODE_CORE\PROTOBUF-2.5.0RC1\VSPROJECTS\DEBUG\ONCE.OBJ
G:\COMPANY\PROJECT\CODE\CLIENT\BRANCHES\COCOJAPANBACKUP_YOUGU_1.0\CODE_CORE\PROTOBUF-2.5.0RC1\VSPROJECTS\DEBUG\PARSER.OBJ
G:\COMPANY\PROJECT\CODE\CLIENT\BRANCHES\COCOJAPANBACKUP_YOUGU_1.0\CODE_CORE\PROTOBUF-2.5.0RC1\VSPROJECTS\DEBUG\PRINTER.OBJ
G:\COMPANY\PROJECT\CODE\CLIENT\BRANCHES\COCOJAPANBACKUP_YOUGU_1.0\CODE_CORE\PROTOBUF-2.5.0RC1\VSPROJECTS\DEBUG\REFLECTION_OPS.OBJ
G:\COMPANY\PROJECT\CODE\CLIENT\BRANCHES\COCOJAPANBACKUP_YOUGU_1.0\CODE_CORE\PROTOBUF-2.5.0RC1\VSPROJECTS\DEBUG\REPEATED_FIELD.OBJ
G:\COMPANY\PROJECT\CODE\CLIENT\BRANCHES\COCOJAPANBACKUP_YOUGU_1.0\CODE_CORE\PROTOBUF-2.5.0RC1\VSPROJECTS\DEBUG\SERVICE.OBJ
G:\COMPANY\PROJECT\CODE\CLIENT\BRANCHES\COCOJAPANBACKUP_YOUGU_1.0\CODE_CORE\PROTOBUF-2.5.0RC1\VSPROJECTS\DEBUG\STRINGPRINTF.OBJ
G:\COMPANY\PROJECT\CODE\CLIENT\BRANCHES\COCOJAPANBACKUP_YOUGU_1.0\CODE_CORE\PROTOBUF-2.5.0RC1\VSPROJECTS\DEBUG\STRUCTURALLY_VALID.OBJ
G:\COMPANY\PROJECT\CODE\CLIENT\BRANCHES\COCOJAPANBACKUP_YOUGU_1.0\CODE_CORE\PROTOBUF-2.5.0RC1\VSPROJECTS\DEBUG\STRUTIL.OBJ
G:\COMPANY\PROJECT\CODE\CLIENT\BRANCHES\COCOJAPANBACKUP_YOUGU_1.0\CODE_CORE\PROTOBUF-2.5.0RC1\VSPROJECTS\DEBUG\SUBSTITUTE.OBJ
G:\COMPANY\PROJECT\CODE\CLIENT\BRANCHES\COCOJAPANBACKUP_YOUGU_1.0\CODE_CORE\PROTOBUF-2.5.0RC1\VSPROJECTS\DEBUG\TEXT_FORMAT.OBJ
G:\COMPANY\PROJECT\CODE\CLIENT\BRANCHES\COCOJAPANBACKUP_YOUGU_1.0\CODE_CORE\PROTOBUF-2.5.0RC1\VSPROJECTS\DEBUG\TOKENIZER.OBJ
G:\COMPANY\PROJECT\CODE\CLIENT\BRANCHES\COCOJAPANBACKUP_YOUGU_1.0\CODE_CORE\PROTOBUF-2.5.0RC1\VSPROJECTS\DEBUG\UNKNOWN_FIELD_SET.OBJ
G:\Company\project\code\client\branches\cocoJapanbackup_YouGu_1.0\Code_Core\protobuf-2.5.0rc1\vsprojects\Debug\vc100.idb
G:\COMPANY\PROJECT\CODE\CLIENT\BRANCHES\COCOJAPANBACKUP_YOUGU_1.0\CODE_CORE\PROTOBUF-2.5.0RC1\VSPROJECTS\DEBUG\VC100.PDB
G:\COMPANY\PROJECT\CODE\CLIENT\BRANCHES\COCOJAPANBACKUP_YOUGU_1.0\CODE_CORE\PROTOBUF-2.5.0RC1\VSPROJECTS\DEBUG\WIRE_FORMAT.OBJ
G:\COMPANY\PROJECT\CODE\CLIENT\BRANCHES\COCOJAPANBACKUP_YOUGU_1.0\CODE_CORE\PROTOBUF-2.5.0RC1\VSPROJECTS\DEBUG\WIRE_FORMAT_LITE.OBJ
G:\COMPANY\PROJECT\CODE\CLIENT\BRANCHES\COCOJAPANBACKUP_YOUGU_1.0\CODE_CORE\PROTOBUF-2.5.0RC1\VSPROJECTS\DEBUG\ZERO_COPY_STREAM.OBJ
G:\COMPANY\PROJECT\CODE\CLIENT\BRANCHES\COCOJAPANBACKUP_YOUGU_1.0\CODE_CORE\PROTOBUF-2.5.0RC1\VSPROJECTS\DEBUG\ZERO_COPY_STREAM_IMPL.OBJ
G:\COMPANY\PROJECT\CODE\CLIENT\BRANCHES\COCOJAPANBACKUP_YOUGU_1.0\CODE_CORE\PROTOBUF-2.5.0RC1\VSPROJECTS\DEBUG\ZERO_COPY_STREAM_IMPL_LITE.OBJ
