10:19:04:0045  INFO:"{'appid':'31','appkey':'eastank_and','appsecret':'eastankandqlerpzleiqcelaqeqcde','payaddr':'自己添加','private':'476647165814971','public':'MIIBIjANBgkqhkiG9w0BAQEFAAOCAQ8AMIIBCgKCAQEAmkodhSURodQK07yC3rUp0oCKcaSWFWAt6h5b99MmEaXRENTCFuSjnNU3InJ4OTZzthOOLFkOtlhORU3aea9VoD8frGRtWSz7mUJal59S1h8cWj0YyXJiRgV473HHhZNiRq5XtnDaCeksf8IjqaWgv9efmcS7sAs328LXD7L51ULZuNSVJtFc1SG69F45aKyCdLj2TniQ/Y5rJeQZpNT1ae/SsLvmn8e7pkhWwQaF15B4tPhDZrxlgfAzmcTR5uf6Hfj/d6QNySoCrBWNabdxjHZ442Odahrd/KzJJUBv2lSPxGjyhRG2t9NLiCvL4brI61QkX5BgCd1819QsBTckbQIDAQAB','platformname':'Android_YouaiGGXMT','enPlatform':'54'}"
10:19:04:4385  INFO:Microsoft Windows [版本 6.1.7601]
10:19:04:4385  INFO:版权所有 (c) 2009 Microsoft Corporation。保留所有权利。
10:19:04:4395  INFO:
10:19:04:4405  INFO:F:\workspace\SilkRoad\Version\trunk\Version_Build\AndroidSDKTools>F:\workspace\SilkRoad\Version\trunk\Code_Android\workspace/extraCmd\configWeixin.bat mycard -1 com.youai.silkroad.platform.mycard 8 0.6.1.0 "{'appid':'31','appkey':'eastank_and','appsecret':'eastankandqlerpzleiqcelaqeqcde','payaddr':'自己添加','private':'476647165814971','public':'MIIBIjANBgkqhkiG9w0BAQEFAAOCAQ8AMIIBCgKCAQEAmkodhSURodQK07yC3rUp0oCKcaSWFWAt6h5b99MmEaXRENTCFuSjnNU3InJ4OTZzthOOLFkOtlhORU3aea9VoD8frGRtWSz7mUJal59S1h8cWj0YyXJiRgV473HHhZNiRq5XtnDaCeksf8IjqaWgv9efmcS7sAs328LXD7L51ULZuNSVJtFc1SG69F45aKyCdLj2TniQ/Y5rJeQZpNT1ae/SsLvmn8e7pkhWwQaF15B4tPhDZrxlgfAzmcTR5uf6Hfj/d6QNySoCrBWNabdxjHZ442Odahrd/KzJJUBv2lSPxGjyhRG2t9NLiCvL4brI61QkX5BgCd1819QsBTckbQIDAQAB','platformname':'Android_YouaiGGXMT','enPlatform':'54'}" youaiSDKLib2.0:FacebookSDK:LibInAppBilling:google-play-services_lib 
10:19:04:4405  INFO:
10:19:04:4505  INFO:F:\workspace\SilkRoad\Version\trunk\Version_Build\AndroidSDKTools>cd /d F:\workspace\SilkRoad\Version\trunk\Code_Android\workspace\extraCmd\ 
10:19:04:4505  INFO:
10:19:04:4515  INFO:F:\workspace\SilkRoad\Version\trunk\Code_Android\workspace\extraCmd>set enName=mycard 
10:19:04:4525  INFO:
10:19:04:4525  INFO:F:\workspace\SilkRoad\Version\trunk\Code_Android\workspace\extraCmd>set channelId=-1 
10:19:04:4525  INFO:
10:19:04:4535  INFO:F:\workspace\SilkRoad\Version\trunk\Code_Android\workspace\extraCmd>set packageName=com.youai.silkroad.platform.mycard 
10:19:04:4545  INFO:
10:19:04:4545  INFO:F:\workspace\SilkRoad\Version\trunk\Code_Android\workspace\extraCmd>set versionCode=8 
10:19:04:4555  INFO:
10:19:04:4555  INFO:F:\workspace\SilkRoad\Version\trunk\Code_Android\workspace\extraCmd>set versionName=0.6.1.0 
10:19:04:4565  INFO:
10:19:04:4585  INFO:F:\workspace\SilkRoad\Version\trunk\Code_Android\workspace\extraCmd>set appkeys="{'appid':'31','appkey':'eastank_and','appsecret':'eastankandqlerpzleiqcelaqeqcde','payaddr':'自己添加','private':'476647165814971','public':'MIIBIjANBgkqhkiG9w0BAQEFAAOCAQ8AMIIBCgKCAQEAmkodhSURodQK07yC3rUp0oCKcaSWFWAt6h5b99MmEaXRENTCFuSjnNU3InJ4OTZzthOOLFkOtlhORU3aea9VoD8frGRtWSz7mUJal59S1h8cWj0YyXJiRgV473HHhZNiRq5XtnDaCeksf8IjqaWgv9efmcS7sAs328LXD7L51ULZuNSVJtFc1SG69F45aKyCdLj2TniQ/Y5rJeQZpNT1ae/SsLvmn8e7pkhWwQaF15B4tPhDZrxlgfAzmcTR5uf6Hfj/d6QNySoCrBWNabdxjHZ442Odahrd/KzJJUBv2lSPxGjyhRG2t9NLiCvL4brI61QkX5BgCd1819QsBTckbQIDAQAB','platformname':'Android_YouaiGGXMT','enPlatform':'54'}" 
10:19:04:4585  INFO:
10:19:04:4595  INFO:F:\workspace\SilkRoad\Version\trunk\Code_Android\workspace\extraCmd>rem channelid = -1鏃?娌℃湁瀛愭笭閬? 
10:19:04:4595  INFO:
10:19:04:4605  INFO:F:\workspace\SilkRoad\Version\trunk\Code_Android\workspace\extraCmd>echo enName=mycard     
10:19:04:4615  INFO:enName=mycard    
10:19:04:4615  INFO:
10:19:04:4625  INFO:F:\workspace\SilkRoad\Version\trunk\Code_Android\workspace\extraCmd>echo channelId=-1     
10:19:04:4635  INFO:channelId=-1    
10:19:04:4635  INFO:
10:19:04:4645  INFO:F:\workspace\SilkRoad\Version\trunk\Code_Android\workspace\extraCmd>echo packageName=com.youai.silkroad.platform.mycard 
10:19:04:4645  INFO:packageName=com.youai.silkroad.platform.mycard
10:19:04:4645  INFO:
10:19:04:4645  INFO:F:\workspace\SilkRoad\Version\trunk\Code_Android\workspace\extraCmd>echo versionCode=8 
10:19:04:4655  INFO:versionCode=8
10:19:04:4655  INFO:
10:19:04:4655  INFO:F:\workspace\SilkRoad\Version\trunk\Code_Android\workspace\extraCmd>echo versionName=0.6.1.0 
10:19:04:5755  INFO:versionName=0.6.1.0
10:19:04:5765  INFO:
10:19:04:5775  INFO:F:\workspace\SilkRoad\Version\trunk\Code_Android\workspace\extraCmd>echo appkeys="{'appid':'31','appkey':'eastank_and','appsecret':'eastankandqlerpzleiqcelaqeqcde','payaddr':'自己添加','private':'476647165814971','public':'MIIBIjANBgkqhkiG9w0BAQEFAAOCAQ8AMIIBCgKCAQEAmkodhSURodQK07yC3rUp0oCKcaSWFWAt6h5b99MmEaXRENTCFuSjnNU3InJ4OTZzthOOLFkOtlhORU3aea9VoD8frGRtWSz7mUJal59S1h8cWj0YyXJiRgV473HHhZNiRq5XtnDaCeksf8IjqaWgv9efmcS7sAs328LXD7L51ULZuNSVJtFc1SG69F45aKyCdLj2TniQ/Y5rJeQZpNT1ae/SsLvmn8e7pkhWwQaF15B4tPhDZrxlgfAzmcTR5uf6Hfj/d6QNySoCrBWNabdxjHZ442Odahrd/KzJJUBv2lSPxGjyhRG2t9NLiCvL4brI61QkX5BgCd1819QsBTckbQIDAQAB','platformname':'Android_YouaiGGXMT','enPlatform':'54'}" 
10:19:04:5775  INFO:appkeys="{'appid':'31','appkey':'eastank_and','appsecret':'eastankandqlerpzleiqcelaqeqcde','payaddr':'自己添加','private':'476647165814971','public':'MIIBIjANBgkqhkiG9w0BAQEFAAOCAQ8AMIIBCgKCAQEAmkodhSURodQK07yC3rUp0oCKcaSWFWAt6h5b99MmEaXRENTCFuSjnNU3InJ4OTZzthOOLFkOtlhORU3aea9VoD8frGRtWSz7mUJal59S1h8cWj0YyXJiRgV473HHhZNiRq5XtnDaCeksf8IjqaWgv9efmcS7sAs328LXD7L51ULZuNSVJtFc1SG69F45aKyCdLj2TniQ/Y5rJeQZpNT1ae/SsLvmn8e7pkhWwQaF15B4tPhDZrxlgfAzmcTR5uf6Hfj/d6QNySoCrBWNabdxjHZ442Odahrd/KzJJUBv2lSPxGjyhRG2t9NLiCvL4brI61QkX5BgCd1819QsBTckbQIDAQAB','platformname':'Android_YouaiGGXMT','enPlatform':'54'}"
10:19:04:5785  INFO:
10:19:04:5785  INFO:F:\workspace\SilkRoad\Version\trunk\Code_Android\workspace\extraCmd>echo -----------mkdir path--------- 
10:19:04:5795  INFO:-----------mkdir path---------
10:19:04:5795  INFO:
10:19:04:5805  INFO:F:\workspace\SilkRoad\Version\trunk\Code_Android\workspace\extraCmd>rem 鍖呭悕杞寲鍖呭悕 
10:19:04:5805  INFO:
10:19:04:5815  INFO:F:\workspace\SilkRoad\Version\trunk\Code_Android\workspace\extraCmd>set word=\ 
10:19:04:5815  INFO:
10:19:04:5825  INFO:F:\workspace\SilkRoad\Version\trunk\Code_Android\workspace\extraCmd>set str=com.youai.silkroad.platform.mycard 
10:19:04:5825  INFO:
10:19:04:5835  INFO:F:\workspace\SilkRoad\Version\trunk\Code_Android\workspace\extraCmd>call set strFolder=%str:.=\% 
10:19:04:5835  INFO:
10:19:04:5845  INFO:F:\workspace\SilkRoad\Version\trunk\Code_Android\workspace\extraCmd>echo com.youai.silkroad.platform.mycard 
10:19:04:5845  INFO:com.youai.silkroad.platform.mycard
10:19:04:5855  INFO:
10:19:04:5855  INFO:F:\workspace\SilkRoad\Version\trunk\Code_Android\workspace\extraCmd>echo com\youai\silkroad\platform\mycard 
10:19:04:5865  INFO:com\youai\silkroad\platform\mycard
10:19:04:5865  INFO:
10:19:04:5875  INFO:F:\workspace\SilkRoad\Version\trunk\Code_Android\workspace\extraCmd>rem 鎷疯礉寰俊鍐呭 
10:19:04:5885  INFO:
10:19:04:5895  INFO:F:\workspace\SilkRoad\Version\trunk\Code_Android\workspace\extraCmd>mkdir ..\src\com\youai\silkroad\platform\mycard\wxapi 
10:19:04:5895  INFO:
10:19:04:5905  INFO:F:\workspace\SilkRoad\Version\trunk\Code_Android\workspace\extraCmd>copy /Y .\WXEntryActivity.java ..\src\com\youai\silkroad\platform\mycard\wxapi\WXEntryActivity.java 
10:19:04:5915  INFO:已复制         1 个文件。
10:19:04:5915  INFO:
10:19:04:5925  INFO:F:\workspace\SilkRoad\Version\trunk\Code_Android\workspace\extraCmd>rem 寰俊鍐呭鏇挎崲 
10:19:04:5925  INFO:
10:19:04:5935  INFO:F:\workspace\SilkRoad\Version\trunk\Code_Android\workspace\extraCmd>set f="..\src\com\youai\silkroad\platform\mycard\wxapi\WXEntryActivity.java" 
10:19:04:5935  INFO:
10:19:04:5945  INFO:F:\workspace\SilkRoad\Version\trunk\Code_Android\workspace\extraCmd>set src=com.youai; 
10:19:04:5945  INFO:
10:19:04:5955  INFO:F:\workspace\SilkRoad\Version\trunk\Code_Android\workspace\extraCmd>set dst=com.youai.silkroad.platform.mycard.wxapi; 
10:19:04:5955  INFO:
10:19:04:5965  INFO:F:\workspace\SilkRoad\Version\trunk\Code_Android\workspace\extraCmd>java -jar .\ReplaceJar_fat.jar "..\src\com\youai\silkroad\platform\mycard\wxapi\WXEntryActivity.java" com.youai; com.youai.silkroad.platform.mycard.wxapi; 
10:19:04:7785  INFO:..\src\com\youai\silkroad\platform\mycard\wxapi\WXEntryActivity.java
10:19:04:7785  INFO:com.youai;
10:19:04:7795  INFO:com.youai.silkroad.platform.mycard.wxapi;
10:19:04:7925  INFO:
10:19:04:7925  INFO:F:\workspace\SilkRoad\Version\trunk\Code_Android\workspace\extraCmd>rem GameMaincpp.java 鍙傛暟鏇挎崲 
10:19:04:7935  INFO:
10:19:04:7935  INFO:F:\workspace\SilkRoad\Version\trunk\Code_Android\workspace\extraCmd>set f="..\src\com\youai\GameMaincpp.java" 
10:19:04:7935  INFO:
10:19:04:7945  INFO:F:\workspace\SilkRoad\Version\trunk\Code_Android\workspace\extraCmd>set src=platformVar 
10:19:04:7945  INFO:
10:19:04:7945  INFO:F:\workspace\SilkRoad\Version\trunk\Code_Android\workspace\extraCmd>set dst="{'appid':'31','appkey':'eastank_and','appsecret':'eastankandqlerpzleiqcelaqeqcde','payaddr':'自己添加','private':'476647165814971','public':'MIIBIjANBgkqhkiG9w0BAQEFAAOCAQ8AMIIBCgKCAQEAmkodhSURodQK07yC3rUp0oCKcaSWFWAt6h5b99MmEaXRENTCFuSjnNU3InJ4OTZzthOOLFkOtlhORU3aea9VoD8frGRtWSz7mUJal59S1h8cWj0YyXJiRgV473HHhZNiRq5XtnDaCeksf8IjqaWgv9efmcS7sAs328LXD7L51ULZuNSVJtFc1SG69F45aKyCdLj2TniQ/Y5rJeQZpNT1ae/SsLvmn8e7pkhWwQaF15B4tPhDZrxlgfAzmcTR5uf6Hfj/d6QNySoCrBWNabdxjHZ442Odahrd/KzJJUBv2lSPxGjyhRG2t9NLiCvL4brI61QkX5BgCd1819QsBTckbQIDAQAB','platformname':'Android_YouaiGGXMT','enPlatform':'54'}" 
10:19:04:7955  INFO:
10:19:04:7955  INFO:F:\workspace\SilkRoad\Version\trunk\Code_Android\workspace\extraCmd>java -jar .\ReplaceJar_fat.jar "..\src\com\youai\GameMaincpp.java" platformVar "{'appid':'31','appkey':'eastank_and','appsecret':'eastankandqlerpzleiqcelaqeqcde','payaddr':'自己添加','private':'476647165814971','public':'MIIBIjANBgkqhkiG9w0BAQEFAAOCAQ8AMIIBCgKCAQEAmkodhSURodQK07yC3rUp0oCKcaSWFWAt6h5b99MmEaXRENTCFuSjnNU3InJ4OTZzthOOLFkOtlhORU3aea9VoD8frGRtWSz7mUJal59S1h8cWj0YyXJiRgV473HHhZNiRq5XtnDaCeksf8IjqaWgv9efmcS7sAs328LXD7L51ULZuNSVJtFc1SG69F45aKyCdLj2TniQ/Y5rJeQZpNT1ae/SsLvmn8e7pkhWwQaF15B4tPhDZrxlgfAzmcTR5uf6Hfj/d6QNySoCrBWNabdxjHZ442Odahrd/KzJJUBv2lSPxGjyhRG2t9NLiCvL4brI61QkX5BgCd1819QsBTckbQIDAQAB','platformname':'Android_YouaiGGXMT','enPlatform':'54'}" 
10:19:05:1495  INFO:..\src\com\youai\GameMaincpp.java
10:19:05:1495  INFO:platformVar
10:19:05:1505  INFO:{'appid':'31','appkey':'eastank_and','appsecret':'eastankandqlerpzleiqcelaqeqcde','payaddr':'??????','private':'476647165814971','public':'MIIBIjANBgkqhkiG9w0BAQEFAAOCAQ8AMIIBCgKCAQEAmkodhSURodQK07yC3rUp0oCKcaSWFWAt6h5b99MmEaXRENTCFuSjnNU3InJ4OTZzthOOLFkOtlhORU3aea9VoD8frGRtWSz7mUJal59S1h8cWj0YyXJiRgV473HHhZNiRq5XtnDaCeksf8IjqaWgv9efmcS7sAs328LXD7L51ULZuNSVJtFc1SG69F45aKyCdLj2TniQ/Y5rJeQZpNT1ae/SsLvmn8e7pkhWwQaF15B4tPhDZrxlgfAzmcTR5uf6Hfj/d6QNySoCrBWNabdxjHZ442Odahrd/KzJJUBv2lSPxGjyhRG2t9NLiCvL4brI61QkX5BgCd1819QsBTckbQIDAQAB','platformname':'Android_YouaiGGXMT','enPlatform':'54'}
10:19:05:1685  INFO:
10:19:05:1685  INFO:F:\workspace\SilkRoad\Version\trunk\Code_Android\workspace\extraCmd>rem PackagePlaceholder 
10:19:05:1695  INFO:
10:19:05:1695  INFO:F:\workspace\SilkRoad\Version\trunk\Code_Android\workspace\extraCmd>java -jar .\ReplaceJar_fat.jar ..\AndroidManifest.xml PackagePlaceholder com.youai.silkroad.platform.mycard 
10:19:05:3106  INFO:..\AndroidManifest.xml
10:19:05:3106  INFO:PackagePlaceholder
10:19:05:3106  INFO:com.youai.silkroad.platform.mycard
10:19:05:3356  INFO:
10:19:05:3356  INFO:F:\workspace\SilkRoad\Version\trunk\Code_Android\workspace\extraCmd>java -jar .\ReplaceJar_fat.jar ..\ANT.properties PackagePlaceholder com.youai.silkroad.platform.mycard 
10:19:05:4686  INFO:..\ANT.properties
10:19:05:4696  INFO:PackagePlaceholder
10:19:05:4696  INFO:com.youai.silkroad.platform.mycard
10:19:05:4846  INFO:
10:19:05:4856  INFO:F:\workspace\SilkRoad\Version\trunk\Code_Android\workspace\extraCmd>java -jar .\ReplaceJar_fat.jar ..\BuildRelease.bat PackagePlaceholder mycard 
10:19:05:6146  INFO:..\BuildRelease.bat
10:19:05:6146  INFO:PackagePlaceholder
10:19:05:6156  INFO:mycard
10:19:05:6256  INFO:
10:19:05:6266  INFO:F:\workspace\SilkRoad\Version\trunk\Code_Android\workspace\extraCmd>exit
10:19:05:6366  INFO:
10:19:05:6386  ERROR:
