G:\COMPANY\PROJECT\CODE\CLIENT\TRUNK\COCOJAPANBACKUP\CODE_CLIENT\PROTOBUF-LUA\PROTOBUF-2.5.0RC1\VSPROJECTS\BUILD\DEBUG.WIN32.INTERMEDIATE\LIBPROTOBUF\ATOMICOPS_INTERNALS_X86_MSVC.OBJ
G:\Company\project\code\client\trunk\cocoJapanbackup\Code_Client\protobuf-lua\protobuf-2.5.0rc1\vsprojects\build\Debug.win32.intermediate\libprotobuf\cl.command.1.tlog
G:\Company\project\code\client\trunk\cocoJapanbackup\Code_Client\protobuf-lua\protobuf-2.5.0rc1\vsprojects\build\Debug.win32.intermediate\libprotobuf\CL.read.1.tlog
G:\Company\project\code\client\trunk\cocoJapanbackup\Code_Client\protobuf-lua\protobuf-2.5.0rc1\vsprojects\build\Debug.win32.intermediate\libprotobuf\CL.write.1.tlog
G:\COMPANY\PROJECT\CODE\CLIENT\TRUNK\COCOJAPANBACKUP\CODE_CLIENT\PROTOBUF-LUA\PROTOBUF-2.5.0RC1\VSPROJECTS\BUILD\DEBUG.WIN32.INTERMEDIATE\LIBPROTOBUF\CODED_STREAM.OBJ
G:\COMPANY\PROJECT\CODE\CLIENT\TRUNK\COCOJAPANBACKUP\CODE_CLIENT\PROTOBUF-LUA\PROTOBUF-2.5.0RC1\VSPROJECTS\BUILD\DEBUG.WIN32.INTERMEDIATE\LIBPROTOBUF\COMMON.OBJ
G:\COMPANY\PROJECT\CODE\CLIENT\TRUNK\COCOJAPANBACKUP\CODE_CLIENT\PROTOBUF-LUA\PROTOBUF-2.5.0RC1\VSPROJECTS\BUILD\DEBUG.WIN32.INTERMEDIATE\LIBPROTOBUF\DESCRIPTOR.OBJ
G:\COMPANY\PROJECT\CODE\CLIENT\TRUNK\COCOJAPANBACKUP\CODE_CLIENT\PROTOBUF-LUA\PROTOBUF-2.5.0RC1\VSPROJECTS\BUILD\DEBUG.WIN32.INTERMEDIATE\LIBPROTOBUF\DESCRIPTOR.PB.OBJ
G:\COMPANY\PROJECT\CODE\CLIENT\TRUNK\COCOJAPANBACKUP\CODE_CLIENT\PROTOBUF-LUA\PROTOBUF-2.5.0RC1\VSPROJECTS\BUILD\DEBUG.WIN32.INTERMEDIATE\LIBPROTOBUF\DESCRIPTOR_DATABASE.OBJ
G:\COMPANY\PROJECT\CODE\CLIENT\TRUNK\COCOJAPANBACKUP\CODE_CLIENT\PROTOBUF-LUA\PROTOBUF-2.5.0RC1\VSPROJECTS\BUILD\DEBUG.WIN32.INTERMEDIATE\LIBPROTOBUF\DYNAMIC_MESSAGE.OBJ
G:\COMPANY\PROJECT\CODE\CLIENT\TRUNK\COCOJAPANBACKUP\CODE_CLIENT\PROTOBUF-LUA\PROTOBUF-2.5.0RC1\VSPROJECTS\BUILD\DEBUG.WIN32.INTERMEDIATE\LIBPROTOBUF\EXTENSION_SET.OBJ
G:\COMPANY\PROJECT\CODE\CLIENT\TRUNK\COCOJAPANBACKUP\CODE_CLIENT\PROTOBUF-LUA\PROTOBUF-2.5.0RC1\VSPROJECTS\BUILD\DEBUG.WIN32.INTERMEDIATE\LIBPROTOBUF\EXTENSION_SET_HEAVY.OBJ
G:\COMPANY\PROJECT\CODE\CLIENT\TRUNK\COCOJAPANBACKUP\CODE_CLIENT\PROTOBUF-LUA\PROTOBUF-2.5.0RC1\VSPROJECTS\BUILD\DEBUG.WIN32.INTERMEDIATE\LIBPROTOBUF\GENERATED_MESSAGE_REFLECTION.OBJ
G:\COMPANY\PROJECT\CODE\CLIENT\TRUNK\COCOJAPANBACKUP\CODE_CLIENT\PROTOBUF-LUA\PROTOBUF-2.5.0RC1\VSPROJECTS\BUILD\DEBUG.WIN32.INTERMEDIATE\LIBPROTOBUF\GENERATED_MESSAGE_UTIL.OBJ
G:\COMPANY\PROJECT\CODE\CLIENT\TRUNK\COCOJAPANBACKUP\CODE_CLIENT\PROTOBUF-LUA\PROTOBUF-2.5.0RC1\VSPROJECTS\BUILD\DEBUG.WIN32.INTERMEDIATE\LIBPROTOBUF\GZIP_STREAM.OBJ
G:\COMPANY\PROJECT\CODE\CLIENT\TRUNK\COCOJAPANBACKUP\CODE_CLIENT\PROTOBUF-LUA\PROTOBUF-2.5.0RC1\VSPROJECTS\BUILD\DEBUG.WIN32.INTERMEDIATE\LIBPROTOBUF\IMPORTER.OBJ
G:\Company\project\code\client\trunk\cocoJapanbackup\Code_Client\protobuf-lua\protobuf-2.5.0rc1\vsprojects\build\Debug.win32.intermediate\libprotobuf\lib.command.1.tlog
G:\Company\project\code\client\trunk\cocoJapanbackup\Code_Client\protobuf-lua\protobuf-2.5.0rc1\vsprojects\build\Debug.win32.intermediate\libprotobuf\Lib-link.read.1.tlog
G:\Company\project\code\client\trunk\cocoJapanbackup\Code_Client\protobuf-lua\protobuf-2.5.0rc1\vsprojects\build\Debug.win32.intermediate\libprotobuf\Lib-link.write.1.tlog
G:\Company\project\code\client\trunk\cocoJapanbackup\Code_Client\protobuf-lua\protobuf-2.5.0rc1\vsprojects\build\Debug.win32.intermediate\libprotobuf\libprotobuf.write.1.tlog
G:\COMPANY\PROJECT\CODE\CLIENT\TRUNK\COCOJAPANBACKUP\CODE_CLIENT\PROTOBUF-LUA\PROTOBUF-2.5.0RC1\VSPROJECTS\BUILD\DEBUG.WIN32.INTERMEDIATE\LIBPROTOBUF\MESSAGE.OBJ
G:\COMPANY\PROJECT\CODE\CLIENT\TRUNK\COCOJAPANBACKUP\CODE_CLIENT\PROTOBUF-LUA\PROTOBUF-2.5.0RC1\VSPROJECTS\BUILD\DEBUG.WIN32.INTERMEDIATE\LIBPROTOBUF\MESSAGE_LITE.OBJ
G:\COMPANY\PROJECT\CODE\CLIENT\TRUNK\COCOJAPANBACKUP\CODE_CLIENT\PROTOBUF-LUA\PROTOBUF-2.5.0RC1\VSPROJECTS\BUILD\DEBUG.WIN32.INTERMEDIATE\LIBPROTOBUF\ONCE.OBJ
G:\COMPANY\PROJECT\CODE\CLIENT\TRUNK\COCOJAPANBACKUP\CODE_CLIENT\PROTOBUF-LUA\PROTOBUF-2.5.0RC1\VSPROJECTS\BUILD\DEBUG.WIN32.INTERMEDIATE\LIBPROTOBUF\PARSER.OBJ
G:\COMPANY\PROJECT\CODE\CLIENT\TRUNK\COCOJAPANBACKUP\CODE_CLIENT\PROTOBUF-LUA\PROTOBUF-2.5.0RC1\VSPROJECTS\BUILD\DEBUG.WIN32.INTERMEDIATE\LIBPROTOBUF\PRINTER.OBJ
G:\COMPANY\PROJECT\CODE\CLIENT\TRUNK\COCOJAPANBACKUP\CODE_CLIENT\PROTOBUF-LUA\PROTOBUF-2.5.0RC1\VSPROJECTS\BUILD\DEBUG.WIN32.INTERMEDIATE\LIBPROTOBUF\REFLECTION_OPS.OBJ
G:\COMPANY\PROJECT\CODE\CLIENT\TRUNK\COCOJAPANBACKUP\CODE_CLIENT\PROTOBUF-LUA\PROTOBUF-2.5.0RC1\VSPROJECTS\BUILD\DEBUG.WIN32.INTERMEDIATE\LIBPROTOBUF\REPEATED_FIELD.OBJ
G:\COMPANY\PROJECT\CODE\CLIENT\TRUNK\COCOJAPANBACKUP\CODE_CLIENT\PROTOBUF-LUA\PROTOBUF-2.5.0RC1\VSPROJECTS\BUILD\DEBUG.WIN32.INTERMEDIATE\LIBPROTOBUF\SERVICE.OBJ
G:\COMPANY\PROJECT\CODE\CLIENT\TRUNK\COCOJAPANBACKUP\CODE_CLIENT\PROTOBUF-LUA\PROTOBUF-2.5.0RC1\VSPROJECTS\BUILD\DEBUG.WIN32.INTERMEDIATE\LIBPROTOBUF\STRINGPRINTF.OBJ
G:\COMPANY\PROJECT\CODE\CLIENT\TRUNK\COCOJAPANBACKUP\CODE_CLIENT\PROTOBUF-LUA\PROTOBUF-2.5.0RC1\VSPROJECTS\BUILD\DEBUG.WIN32.INTERMEDIATE\LIBPROTOBUF\STRUCTURALLY_VALID.OBJ
G:\COMPANY\PROJECT\CODE\CLIENT\TRUNK\COCOJAPANBACKUP\CODE_CLIENT\PROTOBUF-LUA\PROTOBUF-2.5.0RC1\VSPROJECTS\BUILD\DEBUG.WIN32.INTERMEDIATE\LIBPROTOBUF\STRUTIL.OBJ
G:\COMPANY\PROJECT\CODE\CLIENT\TRUNK\COCOJAPANBACKUP\CODE_CLIENT\PROTOBUF-LUA\PROTOBUF-2.5.0RC1\VSPROJECTS\BUILD\DEBUG.WIN32.INTERMEDIATE\LIBPROTOBUF\SUBSTITUTE.OBJ
G:\COMPANY\PROJECT\CODE\CLIENT\TRUNK\COCOJAPANBACKUP\CODE_CLIENT\PROTOBUF-LUA\PROTOBUF-2.5.0RC1\VSPROJECTS\BUILD\DEBUG.WIN32.INTERMEDIATE\LIBPROTOBUF\TEXT_FORMAT.OBJ
G:\COMPANY\PROJECT\CODE\CLIENT\TRUNK\COCOJAPANBACKUP\CODE_CLIENT\PROTOBUF-LUA\PROTOBUF-2.5.0RC1\VSPROJECTS\BUILD\DEBUG.WIN32.INTERMEDIATE\LIBPROTOBUF\TOKENIZER.OBJ
G:\COMPANY\PROJECT\CODE\CLIENT\TRUNK\COCOJAPANBACKUP\CODE_CLIENT\PROTOBUF-LUA\PROTOBUF-2.5.0RC1\VSPROJECTS\BUILD\DEBUG.WIN32.INTERMEDIATE\LIBPROTOBUF\UNKNOWN_FIELD_SET.OBJ
G:\Company\project\code\client\trunk\cocoJapanbackup\Code_Client\protobuf-lua\protobuf-2.5.0rc1\vsprojects\build\Debug.win32.intermediate\libprotobuf\vc100.idb
G:\COMPANY\PROJECT\CODE\CLIENT\TRUNK\COCOJAPANBACKUP\CODE_CLIENT\PROTOBUF-LUA\PROTOBUF-2.5.0RC1\VSPROJECTS\BUILD\DEBUG.WIN32.INTERMEDIATE\LIBPROTOBUF\VC100.PDB
G:\COMPANY\PROJECT\CODE\CLIENT\TRUNK\COCOJAPANBACKUP\CODE_CLIENT\PROTOBUF-LUA\PROTOBUF-2.5.0RC1\VSPROJECTS\BUILD\DEBUG.WIN32.INTERMEDIATE\LIBPROTOBUF\WIRE_FORMAT.OBJ
G:\COMPANY\PROJECT\CODE\CLIENT\TRUNK\COCOJAPANBACKUP\CODE_CLIENT\PROTOBUF-LUA\PROTOBUF-2.5.0RC1\VSPROJECTS\BUILD\DEBUG.WIN32.INTERMEDIATE\LIBPROTOBUF\WIRE_FORMAT_LITE.OBJ
G:\COMPANY\PROJECT\CODE\CLIENT\TRUNK\COCOJAPANBACKUP\CODE_CLIENT\PROTOBUF-LUA\PROTOBUF-2.5.0RC1\VSPROJECTS\BUILD\DEBUG.WIN32.INTERMEDIATE\LIBPROTOBUF\ZERO_COPY_STREAM.OBJ
G:\COMPANY\PROJECT\CODE\CLIENT\TRUNK\COCOJAPANBACKUP\CODE_CLIENT\PROTOBUF-LUA\PROTOBUF-2.5.0RC1\VSPROJECTS\BUILD\DEBUG.WIN32.INTERMEDIATE\LIBPROTOBUF\ZERO_COPY_STREAM_IMPL.OBJ
G:\COMPANY\PROJECT\CODE\CLIENT\TRUNK\COCOJAPANBACKUP\CODE_CLIENT\PROTOBUF-LUA\PROTOBUF-2.5.0RC1\VSPROJECTS\BUILD\DEBUG.WIN32.INTERMEDIATE\LIBPROTOBUF\ZERO_COPY_STREAM_IMPL_LITE.OBJ
G:\COMPANY\PROJECT\CODE\CLIENT\TRUNK\COCOJAPANBACKUP\CODE_CLIENT\PROTOBUF-LUA\PROTOBUF-2.5.0RC1\VSPROJECTS\DEBUG\LIBPROTOBUF.LIB
