生成启动时间为 2018/7/18 15:00:31。
     1>项目“G:\Company\project\code\client\trunk\cocoJapanbackup\Code_Client\protobuf-lua\protobuf-2.5.0rc1\vsprojects\libprotobuf.vcxproj”在节点 2 上(rebuild 个目标)。
     1>_PrepareForClean:
         正在删除文件“G:\Company\project\code\client\trunk\cocoJapanbackup\Code_Client\protobuf-lua\protobuf-2.5.0rc1\vsprojects\build\Debug.win32.intermediate\libprotobuf\libprotobuf.lastbuildstate”。
     1>C:\Program Files (x86)\MSBuild\Microsoft.Cpp\v4.0\Microsoft.CppBuild.targets(298,5): warning MSB8004: Intermediate 目录未以斜杠结尾。此生成实例将添加斜杠，因为必须有这个斜杠才能正确计算 Intermediate 目录。
       InitializeBuildStatus:
         正在创建“G:\Company\project\code\client\trunk\cocoJapanbackup\Code_Client\protobuf-lua\protobuf-2.5.0rc1\vsprojects\build\Debug.win32.intermediate\libprotobuf\libprotobuf.unsuccessfulbuild”，因为已指定“AlwaysCreate”。
       ClCompile:
         C:\Program Files (x86)\Microsoft Visual Studio 10.0\VC\bin\CL.exe /c /I../src /I. /ZI /nologo /W3 /WX- /Od /Oy- /D WIN32 /D _DEBUG /D _WINDOWS /D _USRDLL /D LIBPROTOBUF_EXPORTS /Gm /EHsc /RTC1 /MDd /GS /fp:precise /Zc:wchar_t /Zc:forScope /Fo"G:\Company\project\code\client\trunk\cocoJapanbackup\Code_Client\protobuf-lua\protobuf-2.5.0rc1\vsprojects\build\Debug.win32.intermediate\libprotobuf\\" /Fd"G:\Company\project\code\client\trunk\cocoJapanbackup\Code_Client\protobuf-lua\protobuf-2.5.0rc1\vsprojects\build\Debug.win32.intermediate\libprotobuf\vc100.pdb" /Gd /TP /analyze- /errorReport:prompt ..\src\google\protobuf\io\coded_stream.cc ..\src\google\protobuf\stubs\common.cc ..\src\google\protobuf\descriptor.cc ..\src\google\protobuf\descriptor.pb.cc ..\src\google\protobuf\descriptor_database.cc ..\src\google\protobuf\dynamic_message.cc ..\src\google\protobuf\extension_set.cc ..\src\google\protobuf\extension_set_heavy.cc ..\src\google\protobuf\generated_message_reflection.cc ..\src\google\protobuf\generated_message_util.cc ..\src\google\protobuf\io\gzip_stream.cc ..\src\google\protobuf\compiler\importer.cc ..\src\google\protobuf\message.cc ..\src\google\protobuf\message_lite.cc ..\src\google\protobuf\stubs\once.cc ..\src\google\protobuf\stubs\atomicops_internals_x86_msvc.cc ..\src\google\protobuf\compiler\parser.cc ..\src\google\protobuf\io\printer.cc ..\src\google\protobuf\reflection_ops.cc ..\src\google\protobuf\repeated_field.cc ..\src\google\protobuf\service.cc ..\src\google\protobuf\stubs\structurally_valid.cc ..\src\google\protobuf\stubs\strutil.cc ..\src\google\protobuf\stubs\substitute.cc ..\src\google\protobuf\text_format.cc ..\src\google\protobuf\io\tokenizer.cc ..\src\google\protobuf\unknown_field_set.cc ..\src\google\protobuf\wire_format.cc ..\src\google\protobuf\wire_format_lite.cc ..\src\google\protobuf\io\zero_copy_stream.cc ..\src\google\protobuf\io\zero_copy_stream_impl.cc ..\src\google\protobuf\io\zero_copy_stream_impl_lite.cc ..\src\google\protobuf\stubs\stringprintf.cc /wd4244 /wd4267 /wd4018 /wd4355 /wd4800 /wd4251 /wd4996 /wd4146 /wd4305 
         stringprintf.cc
         zero_copy_stream_impl_lite.cc
         zero_copy_stream_impl.cc
         zero_copy_stream.cc
         wire_format_lite.cc
         wire_format.cc
         unknown_field_set.cc
         tokenizer.cc
         text_format.cc
         substitute.cc
         strutil.cc
         structurally_valid.cc
         service.cc
         repeated_field.cc
         reflection_ops.cc
         printer.cc
         parser.cc
         atomicops_internals_x86_msvc.cc
         once.cc
         message_lite.cc
         正在生成代码...
         正在编译...
         message.cc
         importer.cc
         gzip_stream.cc
         generated_message_util.cc
         generated_message_reflection.cc
         extension_set_heavy.cc
         extension_set.cc
         dynamic_message.cc
     1>g:\company\project\code\client\trunk\cocojapanbackup\code_client\protobuf-lua\protobuf-2.5.0rc1\src\google\protobuf\dynamic_message.cc(429): warning C4291: “void *operator new(size_t,void *) throw()”: 未找到匹配的删除运算符；如果初始化引发异常，则不会释放内存
                 c:\program files (x86)\microsoft visual studio 10.0\vc\include\new(55) : 参见“operator new”的声明
     1>g:\company\project\code\client\trunk\cocojapanbackup\code_client\protobuf-lua\protobuf-2.5.0rc1\src\google\protobuf\dynamic_message.cc(556): warning C4291: “void *operator new(size_t,void *) throw()”: 未找到匹配的删除运算符；如果初始化引发异常，则不会释放内存
                 c:\program files (x86)\microsoft visual studio 10.0\vc\include\new(55) : 参见“operator new”的声明
         descriptor_database.cc
         descriptor.pb.cc
         descriptor.cc
         common.cc
         coded_stream.cc
         正在生成代码...
       Lib:
         C:\Program Files (x86)\Microsoft Visual Studio 10.0\VC\bin\Lib.exe /OUT:"Debug\libprotobuf.lib" /NOLOGO "G:\Company\project\code\client\trunk\cocoJapanbackup\Code_Client\protobuf-lua\protobuf-2.5.0rc1\vsprojects\build\Debug.win32.intermediate\libprotobuf\coded_stream.obj"
         "G:\Company\project\code\client\trunk\cocoJapanbackup\Code_Client\protobuf-lua\protobuf-2.5.0rc1\vsprojects\build\Debug.win32.intermediate\libprotobuf\common.obj"
         "G:\Company\project\code\client\trunk\cocoJapanbackup\Code_Client\protobuf-lua\protobuf-2.5.0rc1\vsprojects\build\Debug.win32.intermediate\libprotobuf\descriptor.obj"
         "G:\Company\project\code\client\trunk\cocoJapanbackup\Code_Client\protobuf-lua\protobuf-2.5.0rc1\vsprojects\build\Debug.win32.intermediate\libprotobuf\descriptor.pb.obj"
         "G:\Company\project\code\client\trunk\cocoJapanbackup\Code_Client\protobuf-lua\protobuf-2.5.0rc1\vsprojects\build\Debug.win32.intermediate\libprotobuf\descriptor_database.obj"
         "G:\Company\project\code\client\trunk\cocoJapanbackup\Code_Client\protobuf-lua\protobuf-2.5.0rc1\vsprojects\build\Debug.win32.intermediate\libprotobuf\dynamic_message.obj"
         "G:\Company\project\code\client\trunk\cocoJapanbackup\Code_Client\protobuf-lua\protobuf-2.5.0rc1\vsprojects\build\Debug.win32.intermediate\libprotobuf\extension_set.obj"
         "G:\Company\project\code\client\trunk\cocoJapanbackup\Code_Client\protobuf-lua\protobuf-2.5.0rc1\vsprojects\build\Debug.win32.intermediate\libprotobuf\extension_set_heavy.obj"
         "G:\Company\project\code\client\trunk\cocoJapanbackup\Code_Client\protobuf-lua\protobuf-2.5.0rc1\vsprojects\build\Debug.win32.intermediate\libprotobuf\generated_message_reflection.obj"
         "G:\Company\project\code\client\trunk\cocoJapanbackup\Code_Client\protobuf-lua\protobuf-2.5.0rc1\vsprojects\build\Debug.win32.intermediate\libprotobuf\generated_message_util.obj"
         "G:\Company\project\code\client\trunk\cocoJapanbackup\Code_Client\protobuf-lua\protobuf-2.5.0rc1\vsprojects\build\Debug.win32.intermediate\libprotobuf\gzip_stream.obj"
         "G:\Company\project\code\client\trunk\cocoJapanbackup\Code_Client\protobuf-lua\protobuf-2.5.0rc1\vsprojects\build\Debug.win32.intermediate\libprotobuf\importer.obj"
         "G:\Company\project\code\client\trunk\cocoJapanbackup\Code_Client\protobuf-lua\protobuf-2.5.0rc1\vsprojects\build\Debug.win32.intermediate\libprotobuf\message.obj"
         "G:\Company\project\code\client\trunk\cocoJapanbackup\Code_Client\protobuf-lua\protobuf-2.5.0rc1\vsprojects\build\Debug.win32.intermediate\libprotobuf\message_lite.obj"
         "G:\Company\project\code\client\trunk\cocoJapanbackup\Code_Client\protobuf-lua\protobuf-2.5.0rc1\vsprojects\build\Debug.win32.intermediate\libprotobuf\once.obj"
         "G:\Company\project\code\client\trunk\cocoJapanbackup\Code_Client\protobuf-lua\protobuf-2.5.0rc1\vsprojects\build\Debug.win32.intermediate\libprotobuf\atomicops_internals_x86_msvc.obj"
         "G:\Company\project\code\client\trunk\cocoJapanbackup\Code_Client\protobuf-lua\protobuf-2.5.0rc1\vsprojects\build\Debug.win32.intermediate\libprotobuf\parser.obj"
         "G:\Company\project\code\client\trunk\cocoJapanbackup\Code_Client\protobuf-lua\protobuf-2.5.0rc1\vsprojects\build\Debug.win32.intermediate\libprotobuf\printer.obj"
         "G:\Company\project\code\client\trunk\cocoJapanbackup\Code_Client\protobuf-lua\protobuf-2.5.0rc1\vsprojects\build\Debug.win32.intermediate\libprotobuf\reflection_ops.obj"
         "G:\Company\project\code\client\trunk\cocoJapanbackup\Code_Client\protobuf-lua\protobuf-2.5.0rc1\vsprojects\build\Debug.win32.intermediate\libprotobuf\repeated_field.obj"
         "G:\Company\project\code\client\trunk\cocoJapanbackup\Code_Client\protobuf-lua\protobuf-2.5.0rc1\vsprojects\build\Debug.win32.intermediate\libprotobuf\service.obj"
         "G:\Company\project\code\client\trunk\cocoJapanbackup\Code_Client\protobuf-lua\protobuf-2.5.0rc1\vsprojects\build\Debug.win32.intermediate\libprotobuf\structurally_valid.obj"
         "G:\Company\project\code\client\trunk\cocoJapanbackup\Code_Client\protobuf-lua\protobuf-2.5.0rc1\vsprojects\build\Debug.win32.intermediate\libprotobuf\strutil.obj"
         "G:\Company\project\code\client\trunk\cocoJapanbackup\Code_Client\protobuf-lua\protobuf-2.5.0rc1\vsprojects\build\Debug.win32.intermediate\libprotobuf\substitute.obj"
         "G:\Company\project\code\client\trunk\cocoJapanbackup\Code_Client\protobuf-lua\protobuf-2.5.0rc1\vsprojects\build\Debug.win32.intermediate\libprotobuf\text_format.obj"
         "G:\Company\project\code\client\trunk\cocoJapanbackup\Code_Client\protobuf-lua\protobuf-2.5.0rc1\vsprojects\build\Debug.win32.intermediate\libprotobuf\tokenizer.obj"
         "G:\Company\project\code\client\trunk\cocoJapanbackup\Code_Client\protobuf-lua\protobuf-2.5.0rc1\vsprojects\build\Debug.win32.intermediate\libprotobuf\unknown_field_set.obj"
         "G:\Company\project\code\client\trunk\cocoJapanbackup\Code_Client\protobuf-lua\protobuf-2.5.0rc1\vsprojects\build\Debug.win32.intermediate\libprotobuf\wire_format.obj"
         "G:\Company\project\code\client\trunk\cocoJapanbackup\Code_Client\protobuf-lua\protobuf-2.5.0rc1\vsprojects\build\Debug.win32.intermediate\libprotobuf\wire_format_lite.obj"
         "G:\Company\project\code\client\trunk\cocoJapanbackup\Code_Client\protobuf-lua\protobuf-2.5.0rc1\vsprojects\build\Debug.win32.intermediate\libprotobuf\zero_copy_stream.obj"
         "G:\Company\project\code\client\trunk\cocoJapanbackup\Code_Client\protobuf-lua\protobuf-2.5.0rc1\vsprojects\build\Debug.win32.intermediate\libprotobuf\zero_copy_stream_impl.obj"
         "G:\Company\project\code\client\trunk\cocoJapanbackup\Code_Client\protobuf-lua\protobuf-2.5.0rc1\vsprojects\build\Debug.win32.intermediate\libprotobuf\zero_copy_stream_impl_lite.obj"
         "G:\Company\project\code\client\trunk\cocoJapanbackup\Code_Client\protobuf-lua\protobuf-2.5.0rc1\vsprojects\build\Debug.win32.intermediate\libprotobuf\stringprintf.obj"
         libprotobuf.vcxproj -> G:\Company\project\code\client\trunk\cocoJapanbackup\Code_Client\protobuf-lua\protobuf-2.5.0rc1\vsprojects\Debug\libprotobuf.lib
       FinalizeBuildStatus:
         正在删除文件“G:\Company\project\code\client\trunk\cocoJapanbackup\Code_Client\protobuf-lua\protobuf-2.5.0rc1\vsprojects\build\Debug.win32.intermediate\libprotobuf\libprotobuf.unsuccessfulbuild”。
         正在对“G:\Company\project\code\client\trunk\cocoJapanbackup\Code_Client\protobuf-lua\protobuf-2.5.0rc1\vsprojects\build\Debug.win32.intermediate\libprotobuf\libprotobuf.lastbuildstate”执行 Touch 任务。
     1>已完成生成项目“G:\Company\project\code\client\trunk\cocoJapanbackup\Code_Client\protobuf-lua\protobuf-2.5.0rc1\vsprojects\libprotobuf.vcxproj”(rebuild 个目标)的操作。

生成成功。

已用时间 00:00:32.61
