<[2015-05-19 00:31:01]>			<[::1]>			<[The config of platform. is undefine]>			<[From: index.php-L30 Control_Gm->selectUserInfo();; Gm_selectUserInfo.php-L25 Game->getPlatformByGame( );; Game_getPlatformByGame.php-L22 MooConfig::get( platform. );; MooConfig.lib.php-L96 MooLog::error( The config of platform. is undefine );;]>
<[2015-05-19 00:31:02]>			<[::1]>			<[The config of server. is undefine]>			<[From: index.php-L30 Control_Gm->selectUserInfo();; Gm_selectUserInfo.php-L48 Gm->getServerListByGame( );; Gm_getServerListByGame.php-L12 MooConfig::get( server. );; MooConfig.lib.php-L96 MooLog::error( The config of server. is undefine );;]>
<[2015-05-19 00:32:47]>			<[::1]>			<[The config of main.url.fetch_game is undefine]>			<[From: index.php-L30 Control_User->add();; User_add.php-L45 MooConfig::get( main.url.fetch_game );; MooConfig.lib.php-L96 MooLog::error( The config of main.url.fetch_game is undefine );;]>
<[2015-05-19 00:32:47]>			<[::1]>			<[The config of main.url.fetch_game is undefine]>			<[From: index.php-L30 Control_User->add();; User_add.php-L45 MooConfig::get( main.url.fetch_game );; MooConfig.lib.php-L96 MooLog::error( The config of main.url.fetch_game is undefine );;]>
<[2015-05-19 00:32:47]>			<[::1]>			<[The config of main.url.fetch_game is undefine]>			<[From: index.php-L30 Control_User->add();; User_add.php-L45 MooConfig::get( main.url.fetch_game );; MooConfig.lib.php-L96 MooLog::error( The config of main.url.fetch_game is undefine );;]>
<[2015-05-19 00:32:47]>			<[::1]>			<[The config of main.url.fetch_game is undefine]>			<[From: index.php-L30 Control_User->add();; User_add.php-L45 MooConfig::get( main.url.fetch_game );; MooConfig.lib.php-L96 MooLog::error( The config of main.url.fetch_game is undefine );;]>
<[2015-05-19 00:32:58]>			<[::1]>			<[The config of main.url.create_game is undefine]>			<[From: index.php-L30 Control_Game->addGame();; Game_addGame.php-L14 MooConfig::get( main.url.create_game );; MooConfig.lib.php-L96 MooLog::error( The config of main.url.create_game is undefine );;]>
<[2015-05-19 00:32:58]>			<[::1]>			<[The config of main.url.create_game is undefine]>			<[From: index.php-L30 Control_Game->addGame();; Game_addGame.php-L14 MooConfig::get( main.url.create_game );; MooConfig.lib.php-L96 MooLog::error( The config of main.url.create_game is undefine );;]>
<[2015-05-19 00:32:59]>			<[::1]>			<[The config of main.url.fetch_game is undefine]>			<[From: index.php-L30 Control_Game->showGameList();; Game_showGameList.php-L6 MooConfig::get( main.url.fetch_game );; MooConfig.lib.php-L96 MooLog::error( The config of main.url.fetch_game is undefine );;]>
<[2015-05-19 00:32:59]>			<[::1]>			<[The config of main.url.fetch_game is undefine]>			<[From: index.php-L30 Control_Game->showGameList();; Game_showGameList.php-L6 MooConfig::get( main.url.fetch_game );; MooConfig.lib.php-L96 MooLog::error( The config of main.url.fetch_game is undefine );;]>
<[2015-05-19 00:33:00]>			<[::1]>			<[The config of main.url.create_game is undefine]>			<[From: index.php-L30 Control_Game->addGame();; Game_addGame.php-L14 MooConfig::get( main.url.create_game );; MooConfig.lib.php-L96 MooLog::error( The config of main.url.create_game is undefine );;]>
<[2015-05-19 00:33:00]>			<[::1]>			<[The config of main.url.create_game is undefine]>			<[From: index.php-L30 Control_Game->addGame();; Game_addGame.php-L14 MooConfig::get( main.url.create_game );; MooConfig.lib.php-L96 MooLog::error( The config of main.url.create_game is undefine );;]>
<[2015-05-19 00:33:01]>			<[::1]>			<[The config of main.url.fetch_game is undefine]>			<[From: index.php-L30 Control_Game->showGameList();; Game_showGameList.php-L6 MooConfig::get( main.url.fetch_game );; MooConfig.lib.php-L96 MooLog::error( The config of main.url.fetch_game is undefine );;]>
<[2015-05-19 00:33:01]>			<[::1]>			<[The config of main.url.fetch_game is undefine]>			<[From: index.php-L30 Control_Game->showGameList();; Game_showGameList.php-L6 MooConfig::get( main.url.fetch_game );; MooConfig.lib.php-L96 MooLog::error( The config of main.url.fetch_game is undefine );;]>
<[2015-05-19 00:33:01]>			<[::1]>			<[The config of main.url.create_game is undefine]>			<[From: index.php-L30 Control_Game->addGame();; Game_addGame.php-L14 MooConfig::get( main.url.create_game );; MooConfig.lib.php-L96 MooLog::error( The config of main.url.create_game is undefine );;]>
<[2015-05-19 00:33:01]>			<[::1]>			<[The config of main.url.create_game is undefine]>			<[From: index.php-L30 Control_Game->addGame();; Game_addGame.php-L14 MooConfig::get( main.url.create_game );; MooConfig.lib.php-L96 MooLog::error( The config of main.url.create_game is undefine );;]>
<[2015-05-19 00:33:03]>			<[::1]>			<[The config of main.url.fetch_game is undefine]>			<[From: index.php-L30 Control_User->add();; User_add.php-L45 MooConfig::get( main.url.fetch_game );; MooConfig.lib.php-L96 MooLog::error( The config of main.url.fetch_game is undefine );;]>
<[2015-05-19 00:33:03]>			<[::1]>			<[The config of main.url.fetch_game is undefine]>			<[From: index.php-L30 Control_User->add();; User_add.php-L45 MooConfig::get( main.url.fetch_game );; MooConfig.lib.php-L96 MooLog::error( The config of main.url.fetch_game is undefine );;]>
<[2015-05-19 00:33:22]>			<[::1]>			<[The config of main.url.fetch_game is undefine]>			<[From: index.php-L30 Control_User->add();; User_add.php-L45 MooConfig::get( main.url.fetch_game );; MooConfig.lib.php-L96 MooLog::error( The config of main.url.fetch_game is undefine );;]>
<[2015-05-19 00:33:22]>			<[::1]>			<[The config of main.url.fetch_game is undefine]>			<[From: index.php-L30 Control_User->add();; User_add.php-L45 MooConfig::get( main.url.fetch_game );; MooConfig.lib.php-L96 MooLog::error( The config of main.url.fetch_game is undefine );;]>
<[2015-05-19 00:40:53]>			<[::1]>			<[The config of platform. is undefine]>			<[From: index.php-L30 Control_Gm->selectUserInfo();; Gm_selectUserInfo.php-L25 Game->getPlatformByGame( );; Game_getPlatformByGame.php-L22 MooConfig::get( platform. );; MooConfig.lib.php-L96 MooLog::error( The config of platform. is undefine );;]>
<[2015-05-19 00:40:53]>			<[::1]>			<[The config of server. is undefine]>			<[From: index.php-L30 Control_Gm->selectUserInfo();; Gm_selectUserInfo.php-L48 Gm->getServerListByGame( );; Gm_getServerListByGame.php-L12 MooConfig::get( server. );; MooConfig.lib.php-L96 MooLog::error( The config of server. is undefine );;]>
<[2015-05-19 00:42:22]>			<[::1]>			<[The config of platform. is undefine]>			<[From: index.php-L30 Control_Gm->selectUserInfo();; Gm_selectUserInfo.php-L25 Game->getPlatformByGame( );; Game_getPlatformByGame.php-L22 MooConfig::get( platform. );; MooConfig.lib.php-L96 MooLog::error( The config of platform. is undefine );;]>
<[2015-05-19 00:42:22]>			<[::1]>			<[The config of server. is undefine]>			<[From: index.php-L30 Control_Gm->selectUserInfo();; Gm_selectUserInfo.php-L48 Gm->getServerListByGame( );; Gm_getServerListByGame.php-L12 MooConfig::get( server. );; MooConfig.lib.php-L96 MooLog::error( The config of server. is undefine );;]>
<[2015-05-19 00:44:30]>			<[::1]>			<[The config of main.nowGame is undefine]>			<[From: index.php-L25 User_Group->setPermit();; Group_setPermit.php-L35 MooConfig::get( main.nowGame );; MooConfig.lib.php-L96 MooLog::error( The config of main.nowGame is undefine );;]>
<[2015-05-19 00:44:31]>			<[::1]>			<[The config of main.nowGame is undefine]>			<[From: index.php-L25 User_Group->setPermit();; Group_setPermit.php-L35 MooConfig::get( main.nowGame );; MooConfig.lib.php-L96 MooLog::error( The config of main.nowGame is undefine );;]>
<[2015-05-19 00:44:43]>			<[::1]>			<[The config of main.nowGame is undefine]>			<[From: index.php-L25 User_Group->setPermit();; Group_setPermit.php-L35 MooConfig::get( main.nowGame );; MooConfig.lib.php-L96 MooLog::error( The config of main.nowGame is undefine );;]>
<[2015-05-19 00:44:46]>			<[::1]>			<[The config of main.nowGame is undefine]>			<[From: index.php-L25 User_Group->setPermit();; Group_setPermit.php-L35 MooConfig::get( main.nowGame );; MooConfig.lib.php-L96 MooLog::error( The config of main.nowGame is undefine );;]>
<[2015-05-19 00:44:46]>			<[::1]>			<[The config of main.nowGame is undefine]>			<[From: index.php-L25 User_Group->setPermit();; Group_setPermit.php-L35 MooConfig::get( main.nowGame );; MooConfig.lib.php-L96 MooLog::error( The config of main.nowGame is undefine );;]>
<[2015-05-19 00:44:47]>			<[::1]>			<[The config of main.nowGame is undefine]>			<[From: index.php-L25 User_Group->setPermit();; Group_setPermit.php-L35 MooConfig::get( main.nowGame );; MooConfig.lib.php-L96 MooLog::error( The config of main.nowGame is undefine );;]>
<[2015-05-19 00:44:58]>			<[::1]>			<[The config of main.nowGame is undefine]>			<[From: index.php-L25 User_Group->setPermit();; Group_setPermit.php-L35 MooConfig::get( main.nowGame );; MooConfig.lib.php-L96 MooLog::error( The config of main.nowGame is undefine );;]>
<[2015-05-19 00:45:29]>			<[::1]>			<[The config of platform. is undefine]>			<[From: index.php-L30 Control_Gm->selectUserInfo();; Gm_selectUserInfo.php-L25 Game->getPlatformByGame( );; Game_getPlatformByGame.php-L22 MooConfig::get( platform. );; MooConfig.lib.php-L96 MooLog::error( The config of platform. is undefine );;]>
<[2015-05-19 00:45:29]>			<[::1]>			<[The config of server. is undefine]>			<[From: index.php-L30 Control_Gm->selectUserInfo();; Gm_selectUserInfo.php-L48 Gm->getServerListByGame( );; Gm_getServerListByGame.php-L12 MooConfig::get( server. );; MooConfig.lib.php-L96 MooLog::error( The config of server. is undefine );;]>
<[2015-05-19 00:50:17]>			<[::1]>			<[The config of platform. is undefine]>			<[From: index.php-L30 Control_Gm->selectUserInfo();; Gm_selectUserInfo.php-L25 Game->getPlatformByGame( );; Game_getPlatformByGame.php-L22 MooConfig::get( platform. );; MooConfig.lib.php-L96 MooLog::error( The config of platform. is undefine );;]>
<[2015-05-19 00:50:17]>			<[::1]>			<[The config of server. is undefine]>			<[From: index.php-L30 Control_Gm->selectUserInfo();; Gm_selectUserInfo.php-L48 Gm->getServerListByGame( );; Gm_getServerListByGame.php-L12 MooConfig::get( server. );; MooConfig.lib.php-L96 MooLog::error( The config of server. is undefine );;]>
